<?xml version="1.0" encoding="UTF-8"?>
<testsuite name="com.minsu.dnews.DnewsApplicationTests" tests="1" skipped="0" failures="0" errors="0" timestamp="2025-10-30T05:44:44.678Z" hostname="minsu.local" time="0.46">
  <properties/>
  <testcase name="contextLoads()" classname="com.minsu.dnews.DnewsApplicationTests" time="0.46"/>
  <system-out><![CDATA[14:44:42.214 [Test worker] INFO org.springframework.test.context.support.AnnotationConfigContextLoaderUtils -- Could not detect default configuration classes for test class [com.minsu.dnews.DnewsApplicationTests]: DnewsApplicationTests does not declare any static, non-private, non-final, nested classes annotated with @Configuration.
14:44:42.268 [Test worker] INFO org.springframework.boot.test.context.SpringBootTestContextBootstrapper -- Found @SpringBootConfiguration com.minsu.dnews.DnewsApplication for test class com.minsu.dnews.DnewsApplicationTests

  .   ____          _            __ _ _
 /\\ / ___'_ __ _ _(_)_ __  __ _ \ \ \ \
( ( )\___ | '_ | '_| | '_ \/ _` | \ \ \ \
 \\/  ___)| |_)| | | | | || (_| |  ) ) ) )
  '  |____| .__|_| |_|_| |_\__, | / / / /
 =========|_|==============|___/=/_/_/_/

 :: Spring Boot ::                (v3.5.4)

2025-10-30T14:44:42.528+09:00  INFO 91074 --- [dnews] [    Test worker] com.minsu.dnews.DnewsApplicationTests    : Starting DnewsApplicationTests using Java 17.0.12 with PID 91074 (started by minsu in /Users/minsu/Desktop/Project/dailynews)
2025-10-30T14:44:42.529+09:00  INFO 91074 --- [dnews] [    Test worker] com.minsu.dnews.DnewsApplicationTests    : The following 1 profile is active: "test"
2025-10-30T14:44:42.839+09:00  INFO 91074 --- [dnews] [    Test worker] .s.d.r.c.RepositoryConfigurationDelegate : Bootstrapping Spring Data JPA repositories in DEFAULT mode.
2025-10-30T14:44:42.870+09:00  INFO 91074 --- [dnews] [    Test worker] .s.d.r.c.RepositoryConfigurationDelegate : Finished Spring Data repository scanning in 27 ms. Found 4 JPA repository interfaces.
2025-10-30T14:44:43.069+09:00  INFO 91074 --- [dnews] [    Test worker] o.hibernate.jpa.internal.util.LogHelper  : HHH000204: Processing PersistenceUnitInfo [name: default]
2025-10-30T14:44:43.095+09:00  INFO 91074 --- [dnews] [    Test worker] org.hibernate.Version                    : HHH000412: Hibernate ORM core version 6.6.22.Final
2025-10-30T14:44:43.110+09:00  INFO 91074 --- [dnews] [    Test worker] o.h.c.internal.RegionFactoryInitiator    : HHH000026: Second-level cache disabled
2025-10-30T14:44:43.231+09:00  INFO 91074 --- [dnews] [    Test worker] o.s.o.j.p.SpringPersistenceUnitInfo      : No LoadTimeWeaver setup: ignoring JPA class transformer
2025-10-30T14:44:43.245+09:00  INFO 91074 --- [dnews] [    Test worker] com.zaxxer.hikari.HikariDataSource       : HikariPool-1 - Starting...
2025-10-30T14:44:43.320+09:00  INFO 91074 --- [dnews] [    Test worker] com.zaxxer.hikari.pool.HikariPool        : HikariPool-1 - Added connection conn0: url=jdbc:h2:mem:testdb user=SA
2025-10-30T14:44:43.320+09:00  INFO 91074 --- [dnews] [    Test worker] com.zaxxer.hikari.HikariDataSource       : HikariPool-1 - Start completed.
2025-10-30T14:44:43.333+09:00  WARN 91074 --- [dnews] [    Test worker] org.hibernate.orm.deprecation            : HHH90000025: H2Dialect does not need to be specified explicitly using 'hibernate.dialect' (remove the property setting and it will be selected by default)
2025-10-30T14:44:43.343+09:00  INFO 91074 --- [dnews] [    Test worker] org.hibernate.orm.connections.pooling    : HHH10001005: Database info:
	Database JDBC URL [Connecting through datasource 'HikariDataSource (HikariPool-1)']
	Database driver: undefined/unknown
	Database version: 2.3.232
	Autocommit mode: undefined/unknown
	Isolation level: undefined/unknown
	Minimum pool size: undefined/unknown
	Maximum pool size: undefined/unknown
2025-10-30T14:44:43.766+09:00  INFO 91074 --- [dnews] [    Test worker] o.h.e.t.j.p.i.JtaPlatformInitiator       : HHH000489: No JTA platform available (set 'hibernate.transaction.jta.platform' to enable JTA platform integration)
Hibernate: drop table if exists news cascade 
Hibernate: drop table if exists send_log cascade 
Hibernate: drop table if exists subscriber cascade 
Hibernate: drop table if exists subscribe_theme cascade 
Hibernate: drop table if exists theme cascade 
Hibernate: create table news (news_id bigint generated by default as identity, pub_date timestamp(6), theme_id bigint, description varchar(255) not null, originallink varchar(255) not null, title varchar(255) not null, primary key (news_id))
Hibernate: create table send_log (id bigint generated by default as identity, news_id bigint, send_at timestamp(6), subscriber_id bigint, primary key (id))
Hibernate: create table subscriber (subscriber_id bigint generated by default as identity, email varchar(255) not null, status enum ('SUBSCRIBE','UNSUBSCRIBE'), primary key (subscriber_id))
Hibernate: create table subscribe_theme (id bigint generated by default as identity, subscriber_id bigint, theme_id bigint, primary key (id))
Hibernate: create table theme (theme_id bigint generated by default as identity, name varchar(255), primary key (theme_id))
Hibernate: alter table if exists news add constraint FKqx8mkns1b5rvblk9eanob7n1r foreign key (theme_id) references theme
Hibernate: alter table if exists send_log add constraint FKo3ltgcbtvdysp6fwmgxq0u09u foreign key (news_id) references news
Hibernate: alter table if exists send_log add constraint FK8q2ax74gg95aw2ld60ws6l3un foreign key (subscriber_id) references subscriber
Hibernate: alter table if exists subscribe_theme add constraint FK9f6s3yotpcxt9cstq222xpyb4 foreign key (subscriber_id) references subscriber
Hibernate: alter table if exists subscribe_theme add constraint FKnqjx0ar7s98hu3thyt2f9pr3t foreign key (theme_id) references theme
2025-10-30T14:44:43.790+09:00  INFO 91074 --- [dnews] [    Test worker] j.LocalContainerEntityManagerFactoryBean : Initialized JPA EntityManagerFactory for persistence unit 'default'
2025-10-30T14:44:43.943+09:00  INFO 91074 --- [dnews] [    Test worker] o.s.d.j.r.query.QueryEnhancerFactory     : Hibernate is in classpath; If applicable, HQL parser will be used.
2025-10-30T14:44:44.497+09:00  WARN 91074 --- [dnews] [    Test worker] JpaBaseConfiguration$JpaWebConfiguration : spring.jpa.open-in-view is enabled by default. Therefore, database queries may be performed during view rendering. Explicitly configure spring.jpa.open-in-view to disable this warning
2025-10-30T14:44:44.508+09:00  INFO 91074 --- [dnews] [    Test worker] o.s.b.a.w.s.WelcomePageHandlerMapping    : Adding welcome page template: index
2025-10-30T14:44:44.669+09:00  INFO 91074 --- [dnews] [    Test worker] com.minsu.dnews.DnewsApplicationTests    : Started DnewsApplicationTests in 2.324 seconds (process running for 2.85)
]]></system-out>
  <system-err><![CDATA[]]></system-err>
</testsuite>
