<?xml version="1.0" encoding="UTF-8"?>
<testsuite name="com.minsu.dnews.subscriber.infra.SubscriberJpaRepositoryTest" tests="1" skipped="0" failures="0" errors="0" timestamp="2025-10-30T05:37:22.336Z" hostname="minsu.local" time="0.383">
  <properties/>
  <testcase name="test()" classname="com.minsu.dnews.subscriber.infra.SubscriberJpaRepositoryTest" time="0.383"/>
  <system-out><![CDATA[2025-10-30T14:37:21.084+09:00  INFO 90595 --- [dnews] [    Test worker] t.c.s.AnnotationConfigContextLoaderUtils : Could not detect default configuration classes for test class [com.minsu.dnews.subscriber.infra.SubscriberJpaRepositoryTest]: SubscriberJpaRepositoryTest does not declare any static, non-private, non-final, nested classes annotated with @Configuration.
2025-10-30T14:37:21.101+09:00  INFO 90595 --- [dnews] [    Test worker] .b.t.c.SpringBootTestContextBootstrapper : Found @SpringBootConfiguration com.minsu.dnews.DnewsApplication for test class com.minsu.dnews.subscriber.infra.SubscriberJpaRepositoryTest

  .   ____          _            __ _ _
 /\\ / ___'_ __ _ _(_)_ __  __ _ \ \ \ \
( ( )\___ | '_ | '_| | '_ \/ _` | \ \ \ \
 \\/  ___)| |_)| | | | | || (_| |  ) ) ) )
  '  |____| .__|_| |_|_| |_\__, | / / / /
 =========|_|==============|___/=/_/_/_/

 :: Spring Boot ::                (v3.5.4)

2025-10-30T14:37:21.117+09:00  INFO 90595 --- [dnews] [    Test worker] c.m.d.s.i.SubscriberJpaRepositoryTest    : Starting SubscriberJpaRepositoryTest using Java 17.0.12 with PID 90595 (started by minsu in /Users/minsu/Desktop/Project/dailynews)
2025-10-30T14:37:21.117+09:00  INFO 90595 --- [dnews] [    Test worker] c.m.d.s.i.SubscriberJpaRepositoryTest    : No active profile set, falling back to 1 default profile: "default"
2025-10-30T14:37:21.205+09:00  INFO 90595 --- [dnews] [    Test worker] .s.d.r.c.RepositoryConfigurationDelegate : Bootstrapping Spring Data JPA repositories in DEFAULT mode.
2025-10-30T14:37:21.213+09:00  INFO 90595 --- [dnews] [    Test worker] .s.d.r.c.RepositoryConfigurationDelegate : Finished Spring Data repository scanning in 7 ms. Found 4 JPA repository interfaces.
2025-10-30T14:37:21.220+09:00  INFO 90595 --- [dnews] [    Test worker] beddedDataSourceBeanFactoryPostProcessor : Replacing 'dataSource' DataSource bean with embedded version
2025-10-30T14:37:21.229+09:00  INFO 90595 --- [dnews] [    Test worker] o.s.j.d.e.EmbeddedDatabaseFactory        : Starting embedded database: url='jdbc:h2:mem:49edf980-bef3-4b5f-8122-fa7f18475c0c;DB_CLOSE_DELAY=-1;DB_CLOSE_ON_EXIT=false', username='sa'
2025-10-30T14:37:21.294+09:00  INFO 90595 --- [dnews] [    Test worker] o.hibernate.jpa.internal.util.LogHelper  : HHH000204: Processing PersistenceUnitInfo [name: default]
2025-10-30T14:37:21.296+09:00  INFO 90595 --- [dnews] [    Test worker] o.h.c.internal.RegionFactoryInitiator    : HHH000026: Second-level cache disabled
2025-10-30T14:37:21.303+09:00  INFO 90595 --- [dnews] [    Test worker] o.s.o.j.p.SpringPersistenceUnitInfo      : No LoadTimeWeaver setup: ignoring JPA class transformer
2025-10-30T14:37:21.333+09:00  INFO 90595 --- [dnews] [    Test worker] org.hibernate.orm.connections.pooling    : HHH10001005: Database info:
	Database JDBC URL [Connecting through datasource 'org.springframework.jdbc.datasource.embedded.EmbeddedDatabaseFactory$EmbeddedDataSourceProxy@37e64e37']
	Database driver: undefined/unknown
	Database version: 2.3.232
	Autocommit mode: undefined/unknown
	Isolation level: undefined/unknown
	Minimum pool size: undefined/unknown
	Maximum pool size: undefined/unknown
2025-10-30T14:37:21.740+09:00  INFO 90595 --- [dnews] [    Test worker] o.h.e.t.j.p.i.JtaPlatformInitiator       : HHH000489: No JTA platform available (set 'hibernate.transaction.jta.platform' to enable JTA platform integration)
Hibernate: drop table if exists news cascade 
Hibernate: drop table if exists send_log cascade 
Hibernate: drop table if exists subscriber cascade 
Hibernate: drop table if exists subscribe_theme cascade 
Hibernate: drop table if exists theme cascade 
Hibernate: create table news (news_id bigint generated by default as identity, pub_date timestamp(6), theme_id bigint, description varchar(255) not null, originallink varchar(255) not null, title varchar(255) not null, primary key (news_id))
Hibernate: create table send_log (id bigint generated by default as identity, news_id bigint, send_at timestamp(6), subscriber_id bigint, primary key (id))
Hibernate: create table subscriber (subscriber_id bigint generated by default as identity, email varchar(255) not null, status enum ('SUBSCRIBE','UNSUBSCRIBE'), primary key (subscriber_id))
Hibernate: create table subscribe_theme (id bigint generated by default as identity, subscriber_id bigint, theme_id bigint, primary key (id))
Hibernate: create table theme (theme_id bigint generated by default as identity, name varchar(255), primary key (theme_id))
Hibernate: alter table if exists news add constraint FKqx8mkns1b5rvblk9eanob7n1r foreign key (theme_id) references theme
Hibernate: alter table if exists send_log add constraint FKo3ltgcbtvdysp6fwmgxq0u09u foreign key (news_id) references news
Hibernate: alter table if exists send_log add constraint FK8q2ax74gg95aw2ld60ws6l3un foreign key (subscriber_id) references subscriber
Hibernate: alter table if exists subscribe_theme add constraint FK9f6s3yotpcxt9cstq222xpyb4 foreign key (subscriber_id) references subscriber
Hibernate: alter table if exists subscribe_theme add constraint FKnqjx0ar7s98hu3thyt2f9pr3t foreign key (theme_id) references theme
2025-10-30T14:37:21.765+09:00  INFO 90595 --- [dnews] [    Test worker] j.LocalContainerEntityManagerFactoryBean : Initialized JPA EntityManagerFactory for persistence unit 'default'
2025-10-30T14:37:21.906+09:00  INFO 90595 --- [dnews] [    Test worker] o.s.d.j.r.query.QueryEnhancerFactory     : Hibernate is in classpath; If applicable, HQL parser will be used.
2025-10-30T14:37:22.334+09:00  INFO 90595 --- [dnews] [    Test worker] c.m.d.s.i.SubscriberJpaRepositoryTest    : Started SubscriberJpaRepositoryTest in 1.224 seconds (process running for 5.271)
Hibernate: select s1_0.email,t1_0.name from subscriber s1_0 join subscribe_theme stl1_0 on s1_0.subscriber_id=stl1_0.subscriber_id join theme t1_0 on t1_0.theme_id=stl1_0.theme_id where s1_0.status='subscribe'
als000825@naver.com
경제
IT
]]></system-out>
  <system-err><![CDATA[]]></system-err>
</testsuite>
