<?xml version="1.0" encoding="UTF-8"?>
<testsuite name="com.minsu.dnews.theme.domain.ThemeTest" tests="1" skipped="0" failures="0" errors="0" timestamp="2025-10-30T05:37:22.955Z" hostname="minsu.local" time="0.0">
  <properties/>
  <testcase name="테마 저장" classname="com.minsu.dnews.theme.domain.ThemeTest" time="0.0"/>
  <system-out><![CDATA[]]></system-out>
  <system-err><![CDATA[]]></system-err>
</testsuite>
