<?xml version="1.0" encoding="UTF-8"?>
<testsuite name="com.minsu.dnews.theme.service.SubThemeServiceImplTest" tests="1" skipped="0" failures="0" errors="0" timestamp="2025-10-30T05:37:23.376Z" hostname="minsu.local" time="0.044">
  <properties/>
  <testcase name="makeSubThemeTest()" classname="com.minsu.dnews.theme.service.SubThemeServiceImplTest" time="0.044"/>
  <system-out><![CDATA[]]></system-out>
  <system-err><![CDATA[]]></system-err>
</testsuite>
