<?xml version="1.0" encoding="UTF-8"?>
<testsuite name="com.minsu.dnews.theme.infra.ThemeJpaRepositoryTest" tests="1" skipped="0" failures="0" errors="0" timestamp="2025-10-30T05:37:23.366Z" hostname="minsu.local" time="0.009">
  <properties/>
  <testcase name="Theme 저장 테스트" classname="com.minsu.dnews.theme.infra.ThemeJpaRepositoryTest" time="0.009"/>
  <system-out><![CDATA[2025-10-30T14:37:23.357+09:00  INFO 90595 --- [dnews] [    Test worker] t.c.s.AnnotationConfigContextLoaderUtils : Could not detect default configuration classes for test class [com.minsu.dnews.theme.infra.ThemeJpaRepositoryTest]: ThemeJpaRepositoryTest does not declare any static, non-private, non-final, nested classes annotated with @Configuration.
2025-10-30T14:37:23.364+09:00  INFO 90595 --- [dnews] [    Test worker] .b.t.c.SpringBootTestContextBootstrapper : Found @SpringBootConfiguration com.minsu.dnews.DnewsApplication for test class com.minsu.dnews.theme.infra.ThemeJpaRepositoryTest
Hibernate: insert into theme (name,theme_id) values (?,default)
]]></system-out>
  <system-err><![CDATA[]]></system-err>
</testsuite>
